Determining if the pthread_create exist failed with the following output:
Change Dir: /home/alex/wentz_catkin_ws/src/youbot_simulation/gazebo_smoke_spawn_plugin/build/CMakeFiles/CMakeTmp

Run Build Command:"/usr/bin/make" "cmTC_e579e/fast"
/usr/bin/make -f CMakeFiles/cmTC_e579e.dir/build.make CMakeFiles/cmTC_e579e.dir/build
make[1]: Entering directory '/home/alex/wentz_catkin_ws/src/youbot_simulation/gazebo_smoke_spawn_plugin/build/CMakeFiles/CMakeTmp'
Building C object CMakeFiles/cmTC_e579e.dir/CheckSymbolExists.c.o
/usr/bin/cc     -o CMakeFiles/cmTC_e579e.dir/CheckSymbolExists.c.o   -c /home/alex/wentz_catkin_ws/src/youbot_simulation/gazebo_smoke_spawn_plugin/build/CMakeFiles/CMakeTmp/CheckSymbolExists.c
Linking C executable cmTC_e579e
/usr/bin/cmake -E cmake_link_script CMakeFiles/cmTC_e579e.dir/link.txt --verbose=1
/usr/bin/cc       CMakeFiles/cmTC_e579e.dir/CheckSymbolExists.c.o  -o cmTC_e579e -rdynamic 
CMakeFiles/cmTC_e579e.dir/CheckSymbolExists.c.o: In function `main':
CheckSymbolExists.c:(.text+0x16): undefined reference to `pthread_create'
collect2: error: ld returned 1 exit status
CMakeFiles/cmTC_e579e.dir/build.make:97: recipe for target 'cmTC_e579e' failed
make[1]: *** [cmTC_e579e] Error 1
make[1]: Leaving directory '/home/alex/wentz_catkin_ws/src/youbot_simulation/gazebo_smoke_spawn_plugin/build/CMakeFiles/CMakeTmp'
Makefile:126: recipe for target 'cmTC_e579e/fast' failed
make: *** [cmTC_e579e/fast] Error 2

File /home/alex/wentz_catkin_ws/src/youbot_simulation/gazebo_smoke_spawn_plugin/build/CMakeFiles/CMakeTmp/CheckSymbolExists.c:
/* */
#include <pthread.h>

int main(int argc, char** argv)
{
  (void)argv;
#ifndef pthread_create
  return ((int*)(&pthread_create))[argc];
#else
  (void)argc;
  return 0;
#endif
}

Determining if the function pthread_create exists in the pthreads failed with the following output:
Change Dir: /home/alex/wentz_catkin_ws/src/youbot_simulation/gazebo_smoke_spawn_plugin/build/CMakeFiles/CMakeTmp

Run Build Command:"/usr/bin/make" "cmTC_f270c/fast"
/usr/bin/make -f CMakeFiles/cmTC_f270c.dir/build.make CMakeFiles/cmTC_f270c.dir/build
make[1]: Entering directory '/home/alex/wentz_catkin_ws/src/youbot_simulation/gazebo_smoke_spawn_plugin/build/CMakeFiles/CMakeTmp'
Building C object CMakeFiles/cmTC_f270c.dir/CheckFunctionExists.c.o
/usr/bin/cc    -DCHECK_FUNCTION_EXISTS=pthread_create   -o CMakeFiles/cmTC_f270c.dir/CheckFunctionExists.c.o   -c /usr/share/cmake-3.5/Modules/CheckFunctionExists.c
Linking C executable cmTC_f270c
/usr/bin/cmake -E cmake_link_script CMakeFiles/cmTC_f270c.dir/link.txt --verbose=1
/usr/bin/cc   -DCHECK_FUNCTION_EXISTS=pthread_create    CMakeFiles/cmTC_f270c.dir/CheckFunctionExists.c.o  -o cmTC_f270c -rdynamic -lpthreads 
/usr/bin/ld: cannot find -lpthreads
collect2: error: ld returned 1 exit status
CMakeFiles/cmTC_f270c.dir/build.make:97: recipe for target 'cmTC_f270c' failed
make[1]: *** [cmTC_f270c] Error 1
make[1]: Leaving directory '/home/alex/wentz_catkin_ws/src/youbot_simulation/gazebo_smoke_spawn_plugin/build/CMakeFiles/CMakeTmp'
Makefile:126: recipe for target 'cmTC_f270c/fast' failed
make: *** [cmTC_f270c/fast] Error 2


